
2017/04/05 11:51:02 /opt/hids/test/test:56921685bd4870f82c8fda8ab653ea1a
2017/04/06 19:09:27 /opt/hids/test/test:56921685bd4870f82c8fda8ab653ea1a
2017/04/06 19:17:11 /opt/hids/test/test:56921685bd4870f82c8fda8ab653ea1a
2017/04/10 11:02:17 /opt/hids/test//remoted/remoted.h:082092b054b7de6f9feea88e1b25fb22
2017/04/10 11:02:17 /opt/hids/test//remoted/config.c:3770ef1e2b91d566e8813272357a8c4f
2017/04/10 11:02:17 /opt/hids/test//remoted/.remoted.c.swp:bbd551cd107dba392e20845cc8ab8fb1
2017/04/10 11:02:17 /opt/hids/test//remoted/remoted.c:b79e9c002d99aee37385f1fff1fb5784
2017/04/10 11:02:17 /opt/hids/test//os_crypto/md5sum/check.c:9cad31edf0e611f04bb8ca7251b757a3
2017/04/10 11:02:17 /opt/hids/test//os_crypto/md5sum/md5.h:3c4bcffa3b345a31c255e16069ff7bf3
2017/04/10 11:02:17 /opt/hids/test//os_crypto/md5sum/README.md:fb5924f4a1d433a9bcdf31ed43dd1f2c
2017/04/10 11:02:17 /opt/hids/test//os_crypto/md5sum/check.md5:24643fb30b4d7567c5df1b0301382ac9
2017/04/10 11:02:17 /opt/hids/test//os_crypto/md5sum/md5.c:3a7828b43ffbb0295ea26fa5bf622f19
2017/04/10 11:02:17 /opt/hids/test//os_crypto/md5sum/md5.sh:6eea99abd9118baa83afb2c6876a4817
2017/04/10 11:02:17 /opt/hids/test//os_crypto/md5sum/main.c:1d2512b5316b6220e89a12da1995353c
2017/04/10 11:02:17 /opt/hids/test//os_crypto/md5sum/main:4b3ffa84ab0d4d6502ffb6ccd1d0530c
2017/04/10 11:02:17 /opt/hids/test//os_crypto/md5/Makefile:bdd2e785c891791aad3a411001935c57
2017/04/10 11:02:17 /opt/hids/test//os_crypto/md5/md5_op.h:793bf958c918e487de17f704860f18c4
2017/04/10 11:02:17 /opt/hids/test//os_crypto/md5/md5.h:30edba62020db96f7c333db0d94f9f68
2017/04/10 11:02:17 /opt/hids/test//os_crypto/md5/test:c4ca4238a0b923820dcc509a6f75849b
2017/04/10 11:02:17 /opt/hids/test//os_crypto/md5/md5_op.o:3ff7054730311f87f8f08301f1e36ac4
2017/04/10 11:02:17 /opt/hids/test//os_crypto/md5/md5_op.a:692741909d214df5d1cfb12ffacbac75
2017/04/10 11:02:17 /opt/hids/test//os_crypto/md5/md5.c:7cdb30901ccaf65bf17cb67e062f9a12
2017/04/10 11:02:17 /opt/hids/test//os_crypto/md5/md5_op.c:ceb95fe30c992421d3ae7089fa640e7c
2017/04/10 11:02:17 /opt/hids/test//os_crypto/md5/main.c:369a844291096931679e09f49d9ff683
2017/04/10 11:02:17 /opt/hids/test//os_crypto/md5/main:b99356af957d3361239a92ede8e5f0ba
2017/04/10 11:02:17 /opt/hids/test//os_crypto/md5/md5.o:830ff654985658965513c3b3f970e3b4
2017/04/10 11:02:17 /opt/hids/test//os_crypto/shared/sec.c:858515108ab20d9c7d29ab094247c7d8
2017/04/10 11:02:17 /opt/hids/test//test.c:29992ef87fe7c8240223a11768ed163c
2017/04/10 11:02:17 /opt/hids/test//error_messages/error_messages.h:32042b1c43ba16563cf349d1f95565ec
2017/04/10 11:02:17 /opt/hids/test//Config.OS:71804e97db94fb129c2cd7fa45d76df6
2017/04/10 11:02:17 /opt/hids/test//test:56921685bd4870f82c8fda8ab653ea1a
2017/04/10 11:02:17 /opt/hids/test//filecheck.log:23ff33b40d5d7208896afc037b03c627
2017/04/10 11:02:17 /opt/hids/test//shared/file_op.c:b49b2da52b23ce87480af37dd9b89fd7
2017/04/10 11:02:17 /opt/hids/test//shared/mq_op.c:889eb7b33adc044c27a4b0bad6e487a7
2017/04/10 11:02:17 /opt/hids/test//shared/sig_op.c:a6a7c772993cc36e2546816751c13489
2017/04/10 11:02:17 /opt/hids/test//shared/debug_op.c:f210a71eb9edb5e9c35cd47ffbfabe4a
2017/04/10 11:02:17 /opt/hids/test//server:4a29afa0cea349c9cc943fa1513ae0c2
2017/04/10 11:02:17 /opt/hids/test//control.c:3f51223f19405ac38884abe869c340a9
2017/04/10 11:02:17 /opt/hids/test//headers/debug_op.h:d6a9101f84918a06c64b7d11a3fa5bae
2017/04/10 11:02:17 /opt/hids/test//headers/defs.h:a6407c56fea9f5b00e407af953c51a9c
2017/04/10 11:02:17 /opt/hids/test//headers/file_op.h:006ff20061ddac496cf486607b501480
2017/04/10 11:02:17 /opt/hids/test//headers/mq_op.h:ceff066c81c7dae27c5b0dbfa114a202
2017/04/10 11:02:17 /opt/hids/test//headers/privsep_op.h:b2e9091f5053ab666aa5694bccdc9096
2017/04/10 11:02:17 /opt/hids/test//headers/sec.h:77d0865f3fd38568c305eb8720a73bbe
2017/04/10 11:02:17 /opt/hids/test//headers/help.h:8e62d76db6480beb8930b324f9261064
2017/04/10 11:02:17 /opt/hids/test//headers/sig_op.h:0d1727fede7837f650b8f280ca5e1929
2017/04/10 11:02:17 /opt/hids/test//headers/os_err.h:2ad2eda0a0d9f92851b0f70e733c11fe
2017/04/10 11:02:17 /opt/hids/test//headers/config_op.h:714b586e8c228516bd74d2d62cfaa955
2017/04/10 11:02:17 /opt/hids/test//agent_info:bef82b5ad581d50596957632ede77b3d
2017/04/10 11:02:17 /opt/hids/test//Config.Make:8f4d26494291068caec025e857123c9c
2017/04/10 11:02:17 /opt/hids/test//client-agent/agentd.h:e9a560aa1c0cdee2d2f12374efccfe2e
2017/04/10 11:02:17 /opt/hids/test//main.c:5f0a30dad5b8c34b1285e0fc28f3300f
2017/04/10 11:02:17 /opt/hids/test//main:73d1c2d50520dbbd68c2e036596015aa
2017/04/10 11:02:17 /opt/hids/test//makefile:f7d2d4b14af65c61de4a61d2bf03c562
2017/04/10 11:02:17 /opt/hids/test//os_regex/os_regex.c:5dbe096b2f3f442f97f60fd84088704d
2017/04/10 11:02:17 /opt/hids/test//os_regex/os_regex.h:8e08fe49f50ee7fc4b273d0472ad4ef0
2017/04/10 11:02:17 /opt/hids/test//os_regex/os_regex_strbreak.c:e50d13839f2f81f02790fad8a09de2c6
2017/04/10 11:02:17 /opt/hids/test//os_net/os_net.h:aac534a3bc85a7c4c8b99dfaf573ea67
2017/04/10 11:02:17 /opt/hids/test//os_net/os_net.c:ce62ada28fa7047eb2b4d3e882379354
2017/04/10 11:02:17 /opt/hids/test//os_net/os_err.h:45c8fbda9e1558fd954c2c832232f83e
2017/04/10 11:02:17 /opt/hids/test//agentlist:2909a2c64757ce93daa60e3cfc653ef1
2017/04/10 11:02:17 /opt/hids/test//control:d5f76951c793330e9a8417b9b6a6ca33
2017/04/10 11:02:17 /opt/hids/test//LOCATION:aae94c2d4343f4e30e4141c25b88505d
2017/04/10 17:35:16 /opt/hids/test//remoted/remoted.h:082092b054b7de6f9feea88e1b25fb22
2017/04/10 17:35:16 /opt/hids/test//remoted/config.c:3770ef1e2b91d566e8813272357a8c4f
2017/04/10 17:35:16 /opt/hids/test//remoted/agentinf.c:03bfebba81a35c17fe339022b65bec48
2017/04/10 17:35:16 /opt/hids/test//remoted/.remoted.c.swp:eeb32fb45ee73bcaf59dd648092e9462
2017/04/10 17:35:16 /opt/hids/test//remoted/remoted.c:0fd9b118e507ee412ea1f2708e88746d
2017/04/10 17:35:16 /opt/hids/test//remoted/agentinf.h:30cd175731edeb76a7cc0d7255e0498b
2017/04/10 17:35:16 /opt/hids/test//sec-agentd:73d1c2d50520dbbd68c2e036596015aa
2017/04/10 17:35:16 /opt/hids/test//os_crypto/md5sum/check.c:9cad31edf0e611f04bb8ca7251b757a3
2017/04/10 17:35:16 /opt/hids/test//os_crypto/md5sum/md5.h:3c4bcffa3b345a31c255e16069ff7bf3
2017/04/10 17:35:16 /opt/hids/test//os_crypto/md5sum/README.md:fb5924f4a1d433a9bcdf31ed43dd1f2c
2017/04/10 17:35:16 /opt/hids/test//os_crypto/md5sum/check.md5:24643fb30b4d7567c5df1b0301382ac9
2017/04/10 17:35:16 /opt/hids/test//os_crypto/md5sum/md5.c:3a7828b43ffbb0295ea26fa5bf622f19
2017/04/10 17:35:16 /opt/hids/test//os_crypto/md5sum/md5.sh:6eea99abd9118baa83afb2c6876a4817
2017/04/10 17:35:16 /opt/hids/test//os_crypto/md5sum/main.c:1d2512b5316b6220e89a12da1995353c
2017/04/10 17:35:16 /opt/hids/test//os_crypto/md5sum/main:4b3ffa84ab0d4d6502ffb6ccd1d0530c
2017/04/10 17:35:16 /opt/hids/test//os_crypto/md5/Makefile:bdd2e785c891791aad3a411001935c57
2017/04/10 17:35:16 /opt/hids/test//os_crypto/md5/md5_op.h:793bf958c918e487de17f704860f18c4
2017/04/10 17:35:16 /opt/hids/test//os_crypto/md5/md5.h:30edba62020db96f7c333db0d94f9f68
2017/04/10 17:35:16 /opt/hids/test//os_crypto/md5/test:c4ca4238a0b923820dcc509a6f75849b
2017/04/10 17:35:16 /opt/hids/test//os_crypto/md5/md5_op.o:3ff7054730311f87f8f08301f1e36ac4
2017/04/10 17:35:16 /opt/hids/test//os_crypto/md5/md5_op.a:692741909d214df5d1cfb12ffacbac75
2017/04/10 17:35:16 /opt/hids/test//os_crypto/md5/md5.c:7cdb30901ccaf65bf17cb67e062f9a12
2017/04/10 17:35:16 /opt/hids/test//os_crypto/md5/md5_op.c:ceb95fe30c992421d3ae7089fa640e7c
2017/04/10 17:35:16 /opt/hids/test//os_crypto/md5/main.c:369a844291096931679e09f49d9ff683
2017/04/10 17:35:16 /opt/hids/test//os_crypto/md5/main:b99356af957d3361239a92ede8e5f0ba
2017/04/10 17:35:16 /opt/hids/test//os_crypto/md5/md5.o:830ff654985658965513c3b3f970e3b4
2017/04/10 17:35:16 /opt/hids/test//os_crypto/shared/sec.c:858515108ab20d9c7d29ab094247c7d8
2017/04/10 17:35:16 /opt/hids/test//test.c:c59fdb9288c222af90d6a6816e834b3c
2017/04/10 17:35:16 /opt/hids/test//error_messages/error_messages.h:32042b1c43ba16563cf349d1f95565ec
2017/04/10 17:35:16 /opt/hids/test//Config.OS:71804e97db94fb129c2cd7fa45d76df6
2017/04/10 17:35:16 /opt/hids/test//test:6b84cb3eb95a40988c864acb1d3be55e
2017/04/10 17:35:16 /opt/hids/test//filecheck.log:92dd5d6bed064e9966b0676f7ae887b9
2017/04/10 17:35:16 /opt/hids/test//sec-server:dbc82fe509f4fcd49ba254b822d23426
2017/04/10 17:35:16 /opt/hids/test//shared/file_op.c:b49b2da52b23ce87480af37dd9b89fd7
2017/04/10 17:35:16 /opt/hids/test//shared/mq_op.c:889eb7b33adc044c27a4b0bad6e487a7
2017/04/10 17:35:16 /opt/hids/test//shared/sig_op.c:a6a7c772993cc36e2546816751c13489
2017/04/10 17:35:16 /opt/hids/test//shared/debug_op.c:f210a71eb9edb5e9c35cd47ffbfabe4a
2017/04/10 17:35:16 /opt/hids/test//control.c:3f51223f19405ac38884abe869c340a9
2017/04/10 17:35:16 /opt/hids/test//headers/debug_op.h:d6a9101f84918a06c64b7d11a3fa5bae
2017/04/10 17:35:16 /opt/hids/test//headers/defs.h:a6407c56fea9f5b00e407af953c51a9c
2017/04/10 17:35:16 /opt/hids/test//headers/file_op.h:006ff20061ddac496cf486607b501480
2017/04/10 17:35:16 /opt/hids/test//headers/mq_op.h:ceff066c81c7dae27c5b0dbfa114a202
2017/04/10 17:35:16 /opt/hids/test//headers/privsep_op.h:b2e9091f5053ab666aa5694bccdc9096
2017/04/10 17:35:16 /opt/hids/test//headers/sec.h:77d0865f3fd38568c305eb8720a73bbe
2017/04/10 17:35:16 /opt/hids/test//headers/help.h:8e62d76db6480beb8930b324f9261064
2017/04/10 17:35:16 /opt/hids/test//headers/sig_op.h:0d1727fede7837f650b8f280ca5e1929
2017/04/10 17:35:16 /opt/hids/test//headers/os_err.h:2ad2eda0a0d9f92851b0f70e733c11fe
2017/04/10 17:35:16 /opt/hids/test//headers/config_op.h:714b586e8c228516bd74d2d62cfaa955
2017/04/10 17:35:16 /opt/hids/test//agent_info:dc61db300143d268a122dea5f9ba2278
2017/04/10 17:35:16 /opt/hids/test//Config.Make:8f4d26494291068caec025e857123c9c
2017/04/10 17:35:16 /opt/hids/test//client-agent/agentd.h:e9a560aa1c0cdee2d2f12374efccfe2e
2017/04/10 17:35:16 /opt/hids/test//main.c:5f0a30dad5b8c34b1285e0fc28f3300f
2017/04/10 17:35:16 /opt/hids/test//sec-control:d5f76951c793330e9a8417b9b6a6ca33
2017/04/10 17:35:16 /opt/hids/test//makefile:e80f0bdb5622ffae93c15bf227109ba2
2017/04/10 17:35:16 /opt/hids/test//os_regex/os_regex.c:5dbe096b2f3f442f97f60fd84088704d
2017/04/10 17:35:16 /opt/hids/test//os_regex/os_regex.h:8e08fe49f50ee7fc4b273d0472ad4ef0
2017/04/10 17:35:16 /opt/hids/test//os_regex/os_regex_strbreak.c:e50d13839f2f81f02790fad8a09de2c6
2017/04/10 17:35:16 /opt/hids/test//os_net/os_net.h:aac534a3bc85a7c4c8b99dfaf573ea67
2017/04/10 17:35:16 /opt/hids/test//os_net/os_net.c:ce62ada28fa7047eb2b4d3e882379354
2017/04/10 17:35:16 /opt/hids/test//os_net/os_err.h:45c8fbda9e1558fd954c2c832232f83e
2017/04/10 17:35:16 /opt/hids/test//agentlist:2909a2c64757ce93daa60e3cfc653ef1
2017/04/10 17:35:16 /opt/hids/test//control:d5f76951c793330e9a8417b9b6a6ca33
2017/04/10 17:35:16 /opt/hids/test//LOCATION:aae94c2d4343f4e30e4141c25b88505d
